============================================================
  Generated by:           Encounter(R) RTL Compiler RC14.28 - v14.20-s067_1
  Generated on:           Jul 03 2019  01:58:48 pm
  Module:                 ssp_enc12b14b_ext
  Technology libraries:   tcb013ghplt 211
                          physical_cells 
  Operating conditions:   LTCOM 
  Interconnect mode:      global
  Area mode:              physical library
============================================================

          Pin               Type     Fanout Load Slew Delay Arrival   
                                            (fF) (ps)  (ps)   (ps)    
----------------------------------------------------------------------
(clock clk_i)              launch                                 0 R 
U_Cryo_SspEncoder12b14b
  SspFramer_1
    r_reg[dataOut][4]/CP                            0             0 R 
    r_reg[dataOut][4]/Q    DFCNQD2       14 97.4  165  +196     196 R 
  SspFramer_1/dataOut[4] 
  Encoder12b14b_1/dataIn[4] 
    g16675/I                                             +0     196   
    g16675/ZN              INVD1         11 85.7  153  +127     323 F 
    g16585/A2                                            +0     323   
    g16585/Z               AN2XD1        10 68.4  118  +138     460 F 
    g16544/A1                                            +0     460   
    g16544/ZN              CKND2D1        3 21.3   94   +76     536 R 
    g16511/B                                             +0     536   
    g16511/Z               OA21D0         4 27.1  199  +153     689 R 
    g16476/B                                             +0     689   
    g16476/Z               OA21D0         2 14.1  112  +109     798 R 
    g16448/B                                             +0     798   
    g16448/Z               OA21D0         2 15.8  123  +112     910 R 
    g16392/B                                             +0     910   
    g16392/ZN              OAI211D1       1  8.4   85   +51     961 F 
    g16366/A1                                            +0     961   
    g16366/ZN              AOI221D0       1 10.4  286  +152    1113 R 
    g16351/A1                                            +0    1113   
    g16351/ZN              ND4D1          4 29.3  174  +138    1251 F 
    g16349/A2                                            +0    1251   
    g16349/ZN              ND3D1          1 10.3   76   +77    1328 R 
    g16348/A1                                            +0    1328   
    g16348/Z               AN2D1          9 60.0  198  +147    1475 R 
    g16347/I                                             +0    1475   
    g16347/ZN              INVD1          6 42.5  100   +86    1560 F 
    g16334/A1                                            +0    1560   
    g16334/ZN              OAI21D0        2 17.4  267  +176    1737 R 
    g16326/C                                             +0    1737   
    g16326/ZN              AOI211D1       1 10.0   80   +51    1788 F 
    g16324/C                                             +0    1788   
    g16324/ZN              AOI221D4      11 76.2   73  +182    1970 R 
    g16322/B                                             +0    1970   
    g16322/ZN              OAI21D1        3 22.6  108   +52    2022 F 
    g16315/B1                                            +0    2022   
    g16315/ZN              OAI22D0        2 13.9  254  +178    2199 R 
    g16309/A1                                            +0    2199   
    g16309/Z               AO211D0        1  9.6   83   +98    2297 R 
    g16302/A4                                            +0    2297   
    g16302/Z               OR4D1          1 10.2   48   +69    2366 R 
    g16300/A1                                            +0    2366   
    g16300/Z               OR2D1          3 22.4   80   +71    2437 R 
    g9788/B                                              +0    2437   
    g9788/S                FA1D0          1 14.8   67  +186    2623 F 
    g9782/B                                              +0    2623   
    g9782/S                HA1D1          2 17.9   67  +108    2730 R 
    g9781/A1                                             +0    2730   
    g9781/ZN               ND2D1          2 17.5   61   +48    2778 F 
    g9778/A3                                             +0    2778   
    g9778/ZN               XNR3D1         1 10.2   49  +109    2887 R 
    g9775/A3                                             +0    2888   
    g9775/ZN               XNR3D1         1 14.8   54  +118    3006 F 
    g9773/B                                              +0    3006   
    g9773/S                HA1D1          1  9.6   37   +76    3082 F 
    g9770/A1                                             +0    3082   
    g9770/ZN               XNR2D1         1 14.8   53   +91    3173 F 
    g9768/B                                              +0    3173   
    g9768/S                HA1D1          2 17.1   64  +102    3275 R 
    g9767/A1                                             +0    3275   
    g9767/Z                XOR2D1         1 14.8   53   +92    3367 F 
    g9762/B                                              +0    3367   
    g9762/S                HA1D1          1 14.8   45   +83    3450 F 
    g9758/B                                              +0    3450   
    g9758/S                HA1D1          1 14.8   57   +96    3547 R 
    g9757/B                                              +0    3547   
    g9757/S                HA1D1          1 10.4   38   +68    3615 F 
    g9756/A1                                             +0    3615   
    g9756/ZN               NR2D1          2 17.1  126   +82    3697 R 
    g9752/A1                                             +0    3697   
    g9752/ZN               XNR2D1         1 10.3   45   +81    3779 F 
    g9749/CI                                             +0    3779   
    g9749/CO               FA1D0          2 15.7   73  +107    3885 F 
    g9747/A3                                             +0    3885   
    g9747/ZN               XNR3D1         2 14.0   60  +119    4004 R 
    g9745/B2                                             +0    4004   
    g9745/ZN               AOI22D0        1  8.5   84   +59    4063 F 
    g9743/A1                                             +0    4063   
    g9743/ZN               OAI21D0        1 10.4  176  +122    4185 R 
    g9741/B                                              +0    4185   
    g9741/ZN               IOA21D1        1  9.1   59   +44    4229 F 
    r_reg[dispOut][0]/D    DFCND1                        +0    4229   
    r_reg[dispOut][0]/CP   setup                    0   +19    4248 R 
- - - - - - - - - - - - - - - - - - - - - - - - - - - - - - - - - - - 
(clock clk_i)              capture                            10000 R 
----------------------------------------------------------------------
Cost Group   : 'clk_i' (path_group 'clk_i')
Timing slack :    5752ps 
Start-point  : U_Cryo_SspEncoder12b14b/SspFramer_1/r_reg[dataOut][4]/CP
End-point    : U_Cryo_SspEncoder12b14b/Encoder12b14b_1/r_reg[dispOut][0]/D
