============================================================
  Generated by:           Encounter(R) RTL Compiler RC14.28 - v14.20-s067_1
  Generated on:           Jun 11 2019  02:54:03 pm
  Module:                 ssp_enc12b14b_ext
  Technology libraries:   tcb013ghplt 211
                          physical_cells 
  Operating conditions:   LTCOM 
  Interconnect mode:      global
  Area mode:              physical library
============================================================

                               
   Gate    Instances    Area       Library    
----------------------------------------------
AN2D1              9    61.106    tcb013ghplt 
AN2XD1             9    61.106    tcb013ghplt 
AN3D1              2    16.974    tcb013ghplt 
AO211D0            6    61.106    tcb013ghplt 
AO21D0             9    76.383    tcb013ghplt 
AO221D0           10   135.792    tcb013ghplt 
AO222D0            8   122.213    tcb013ghplt 
AO22D0             1    11.882    tcb013ghplt 
AO31D0             1    11.882    tcb013ghplt 
AO31D1             1    11.882    tcb013ghplt 
AOI211D1           1     8.487    tcb013ghplt 
AOI211XD0          7    59.409    tcb013ghplt 
AOI21D0           10    67.896    tcb013ghplt 
AOI221D0           6    71.291    tcb013ghplt 
AOI221D1           1    13.579    tcb013ghplt 
AOI221D4           1    22.066    tcb013ghplt 
AOI222D0           8   108.634    tcb013ghplt 
AOI22D0           13   110.331    tcb013ghplt 
AOI31D0            3    25.461    tcb013ghplt 
AOI32D1            3    35.645    tcb013ghplt 
CKAN2D1            2    13.579    tcb013ghplt 
CKMUX2D1           4    54.317    tcb013ghplt 
CKND2D1           52   264.794    tcb013ghplt 
CMPE22D1          14   332.690    tcb013ghplt 
DFCND1             8   271.584    tcb013ghplt 
DFCNQD1           64  2064.038    tcb013ghplt 
DFCNQD2            5   169.740    tcb013ghplt 
FA1D0              2    67.896    tcb013ghplt 
HA1D1             13   308.927    tcb013ghplt 
IAO21D1            2    16.974    tcb013ghplt 
IND2D0            12    81.475    tcb013ghplt 
IND3D0             4    33.948    tcb013ghplt 
IND4D0             3    30.553    tcb013ghplt 
INR2D2             1    11.882    tcb013ghplt 
INR2XD0           24   162.950    tcb013ghplt 
INR2XD1            1    11.882    tcb013ghplt 
INR3D0             1    10.184    tcb013ghplt 
INR4D0             1    11.882    tcb013ghplt 
INVD0              1     3.395    tcb013ghplt 
INVD1             65   220.662    tcb013ghplt 
IOA21D1           10    84.870    tcb013ghplt 
MAOI22D0          13   132.397    tcb013ghplt 
MOAI22D0           7    71.291    tcb013ghplt 
MUX2D1             5    67.896    tcb013ghplt 
MUX2ND0            9   106.936    tcb013ghplt 
MUX2ND1            1    16.974    tcb013ghplt 
ND2D1             14    71.291    tcb013ghplt 
ND3D1              4    27.158    tcb013ghplt 
ND4D1              2    16.974    tcb013ghplt 
NR2D0              1     5.092    tcb013ghplt 
NR2D1             36   183.319    tcb013ghplt 
NR2XD0            14    71.291    tcb013ghplt 
NR2XD1             2    16.974    tcb013ghplt 
NR3D0             10    67.896    tcb013ghplt 
NR3D1              1    10.184    tcb013ghplt 
NR4D0              7    59.409    tcb013ghplt 
OA211D0            1    10.184    tcb013ghplt 
OA21D0             6    50.922    tcb013ghplt 
OA221D0            1    13.579    tcb013ghplt 
OA222D0            2    30.553    tcb013ghplt 
OA22D0             1    11.882    tcb013ghplt 
OA31D2             1    13.579    tcb013ghplt 
OA32D0             1    13.579    tcb013ghplt 
OAI211D1          17   144.279    tcb013ghplt 
OAI21D0           23   156.161    tcb013ghplt 
OAI21D1            3    25.461    tcb013ghplt 
OAI221D0           4    47.527    tcb013ghplt 
OAI222D0           5    67.896    tcb013ghplt 
OAI22D0            6    50.922    tcb013ghplt 
OAI31D0            1     8.487    tcb013ghplt 
OAI31D1            1    10.184    tcb013ghplt 
OAI32D1            1    11.882    tcb013ghplt 
OAI33D1            1    13.579    tcb013ghplt 
OR2D1             11    74.686    tcb013ghplt 
OR4D1              7    83.173    tcb013ghplt 
SDFCNQD0           8   325.901    tcb013ghplt 
XNR2D1             4    54.317    tcb013ghplt 
XNR3D1             4   101.844    tcb013ghplt 
XNR4D1             1    33.948    tcb013ghplt 
XOR2D1             5    67.896    tcb013ghplt 
XOR3D1             1    25.461    tcb013ghplt 
----------------------------------------------
total            640  7694.314                


                                     
   Type    Instances   Area   Area % 
-------------------------------------
sequential        85 2831.263   36.8 
inverter          66  224.057    2.9 
logic            489 4638.994   60.3 
-------------------------------------
total            640 7694.314  100.0 

